The system is: Linux - 4.2.0-27-generic - x86_64
Compiling the C compiler identification source file "CMakeCCompilerId.c" succeeded.
Compiler: /usr/bin/cc 
Build flags: 
Id flags: 

The output was:
0


Compilation of the C compiler identification source "CMakeCCompilerId.c" produced "a.out"

The C compiler identification is GNU, found in "/home/cian/College/Animation/OpenGL_tut/ogl-OpenGL-tutorial_0015_33/tutorial_bin/CMakeFiles/3.2.2/CompilerIdC/a.out"

Compiling the CXX compiler identification source file "CMakeCXXCompilerId.cpp" succeeded.
Compiler: /usr/bin/c++ 
Build flags: 
Id flags: 

The output was:
0


Compilation of the CXX compiler identification source "CMakeCXXCompilerId.cpp" produced "a.out"

The CXX compiler identification is GNU, found in "/home/cian/College/Animation/OpenGL_tut/ogl-OpenGL-tutorial_0015_33/tutorial_bin/CMakeFiles/3.2.2/CompilerIdCXX/a.out"

Determining if the C compiler works passed with the following output:
Change Dir: /home/cian/College/Animation/OpenGL_tut/ogl-OpenGL-tutorial_0015_33/tutorial_bin/CMakeFiles/CMakeTmp

Run Build Command:"/usr/bin/make" "cmTryCompileExec848082151/fast"
/usr/bin/make -f CMakeFiles/cmTryCompileExec848082151.dir/build.make CMakeFiles/cmTryCompileExec848082151.dir/build
make[1]: Entering directory '/home/cian/College/Animation/OpenGL_tut/ogl-OpenGL-tutorial_0015_33/tutorial_bin/CMakeFiles/CMakeTmp'
/usr/bin/cmake -E cmake_progress_report /home/cian/College/Animation/OpenGL_tut/ogl-OpenGL-tutorial_0015_33/tutorial_bin/CMakeFiles/CMakeTmp/CMakeFiles 1
Building C object CMakeFiles/cmTryCompileExec848082151.dir/testCCompiler.c.o
/usr/bin/cc    -o CMakeFiles/cmTryCompileExec848082151.dir/testCCompiler.c.o   -c /home/cian/College/Animation/OpenGL_tut/ogl-OpenGL-tutorial_0015_33/tutorial_bin/CMakeFiles/CMakeTmp/testCCompiler.c
Linking C executable cmTryCompileExec848082151
/usr/bin/cmake -E cmake_link_script CMakeFiles/cmTryCompileExec848082151.dir/link.txt --verbose=1
/usr/bin/cc       CMakeFiles/cmTryCompileExec848082151.dir/testCCompiler.c.o  -o cmTryCompileExec848082151 -rdynamic 
make[1]: Leaving directory '/home/cian/College/Animation/OpenGL_tut/ogl-OpenGL-tutorial_0015_33/tutorial_bin/CMakeFiles/CMakeTmp'


Detecting C compiler ABI info compiled with the following output:
Change Dir: /home/cian/College/Animation/OpenGL_tut/ogl-OpenGL-tutorial_0015_33/tutorial_bin/CMakeFiles/CMakeTmp

Run Build Command:"/usr/bin/make" "cmTryCompileExec2728085784/fast"
/usr/bin/make -f CMakeFiles/cmTryCompileExec2728085784.dir/build.make CMakeFiles/cmTryCompileExec2728085784.dir/build
make[1]: Entering directory '/home/cian/College/Animation/OpenGL_tut/ogl-OpenGL-tutorial_0015_33/tutorial_bin/CMakeFiles/CMakeTmp'
/usr/bin/cmake -E cmake_progress_report /home/cian/College/Animation/OpenGL_tut/ogl-OpenGL-tutorial_0015_33/tutorial_bin/CMakeFiles/CMakeTmp/CMakeFiles 1
Building C object CMakeFiles/cmTryCompileExec2728085784.dir/CMakeCCompilerABI.c.o
/usr/bin/cc    -o CMakeFiles/cmTryCompileExec2728085784.dir/CMakeCCompilerABI.c.o   -c /usr/share/cmake-3.2/Modules/CMakeCCompilerABI.c
Linking C executable cmTryCompileExec2728085784
/usr/bin/cmake -E cmake_link_script CMakeFiles/cmTryCompileExec2728085784.dir/link.txt --verbose=1
/usr/bin/cc      -v CMakeFiles/cmTryCompileExec2728085784.dir/CMakeCCompilerABI.c.o  -o cmTryCompileExec2728085784 -rdynamic  
Using built-in specs.
COLLECT_GCC=/usr/bin/cc
COLLECT_LTO_WRAPPER=/usr/lib/gcc/x86_64-linux-gnu/5/lto-wrapper
Target: x86_64-linux-gnu
Configured with: ../src/configure -v --with-pkgversion='Ubuntu 5.2.1-22ubuntu2' --with-bugurl=file:///usr/share/doc/gcc-5/README.Bugs --enable-languages=c,ada,c++,java,go,d,fortran,objc,obj-c++ --prefix=/usr --program-suffix=-5 --enable-shared --enable-linker-build-id --libexecdir=/usr/lib --without-included-gettext --enable-threads=posix --libdir=/usr/lib --enable-nls --with-sysroot=/ --enable-clocale=gnu --enable-libstdcxx-debug --enable-libstdcxx-time=yes --with-default-libstdcxx-abi=new --enable-gnu-unique-object --disable-vtable-verify --enable-libmpx --enable-plugin --with-system-zlib --disable-browser-plugin --enable-java-awt=gtk --enable-gtk-cairo --with-java-home=/usr/lib/jvm/java-1.5.0-gcj-5-amd64/jre --enable-java-home --with-jvm-root-dir=/usr/lib/jvm/java-1.5.0-gcj-5-amd64 --with-jvm-jar-dir=/usr/lib/jvm-exports/java-1.5.0-gcj-5-amd64 --with-arch-directory=amd64 --with-ecj-jar=/usr/share/java/eclipse-ecj.jar --enable-objc-gc --enable-multiarch --disable-werror --with-arch-32=i686 --with-abi=m64 --with-multilib-list=m32,m64,mx32 --enable-multilib --with-tune=generic --enable-checking=release --build=x86_64-linux-gnu --host=x86_64-linux-gnu --target=x86_64-linux-gnu
Thread model: posix
gcc version 5.2.1 20151010 (Ubuntu 5.2.1-22ubuntu2) 
COMPILER_PATH=/usr/lib/gcc/x86_64-linux-gnu/5/:/usr/lib/gcc/x86_64-linux-gnu/5/:/usr/lib/gcc/x86_64-linux-gnu/:/usr/lib/gcc/x86_64-linux-gnu/5/:/usr/lib/gcc/x86_64-linux-gnu/
LIBRARY_PATH=/usr/lib/gcc/x86_64-linux-gnu/5/:/usr/lib/gcc/x86_64-linux-gnu/5/../../../x86_64-linux-gnu/:/usr/lib/gcc/x86_64-linux-gnu/5/../../../../lib/:/lib/x86_64-linux-gnu/:/lib/../lib/:/usr/lib/x86_64-linux-gnu/:/usr/lib/../lib/:/usr/lib/gcc/x86_64-linux-gnu/5/../../../:/lib/:/usr/lib/
COLLECT_GCC_OPTIONS='-v' '-o' 'cmTryCompileExec2728085784' '-rdynamic' '-mtune=generic' '-march=x86-64'
 /usr/lib/gcc/x86_64-linux-gnu/5/collect2 -plugin /usr/lib/gcc/x86_64-linux-gnu/5/liblto_plugin.so -plugin-opt=/usr/lib/gcc/x86_64-linux-gnu/5/lto-wrapper -plugin-opt=-fresolution=/tmp/ccQ1BUEf.res -plugin-opt=-pass-through=-lgcc -plugin-opt=-pass-through=-lgcc_s -plugin-opt=-pass-through=-lc -plugin-opt=-pass-through=-lgcc -plugin-opt=-pass-through=-lgcc_s --sysroot=/ --build-id --eh-frame-hdr -m elf_x86_64 --hash-style=gnu --as-needed -export-dynamic -dynamic-linker /lib64/ld-linux-x86-64.so.2 -z relro -o cmTryCompileExec2728085784 /usr/lib/gcc/x86_64-linux-gnu/5/../../../x86_64-linux-gnu/crt1.o /usr/lib/gcc/x86_64-linux-gnu/5/../../../x86_64-linux-gnu/crti.o /usr/lib/gcc/x86_64-linux-gnu/5/crtbegin.o -L/usr/lib/gcc/x86_64-linux-gnu/5 -L/usr/lib/gcc/x86_64-linux-gnu/5/../../../x86_64-linux-gnu -L/usr/lib/gcc/x86_64-linux-gnu/5/../../../../lib -L/lib/x86_64-linux-gnu -L/lib/../lib -L/usr/lib/x86_64-linux-gnu -L/usr/lib/../lib -L/usr/lib/gcc/x86_64-linux-gnu/5/../../.. CMakeFiles/cmTryCompileExec2728085784.dir/CMakeCCompilerABI.c.o -lgcc --as-needed -lgcc_s --no-as-needed -lc -lgcc --as-needed -lgcc_s --no-as-needed /usr/lib/gcc/x86_64-linux-gnu/5/crtend.o /usr/lib/gcc/x86_64-linux-gnu/5/../../../x86_64-linux-gnu/crtn.o
make[1]: Leaving directory '/home/cian/College/Animation/OpenGL_tut/ogl-OpenGL-tutorial_0015_33/tutorial_bin/CMakeFiles/CMakeTmp'


Parsed C implicit link information from above output:
  link line regex: [^( *|.*[/\])(ld|([^/\]+-)?ld|collect2)[^/\]*( |$)]
  ignore line: [Change Dir: /home/cian/College/Animation/OpenGL_tut/ogl-OpenGL-tutorial_0015_33/tutorial_bin/CMakeFiles/CMakeTmp]
  ignore line: []
  ignore line: [Run Build Command:"/usr/bin/make" "cmTryCompileExec2728085784/fast"]
  ignore line: [/usr/bin/make -f CMakeFiles/cmTryCompileExec2728085784.dir/build.make CMakeFiles/cmTryCompileExec2728085784.dir/build]
  ignore line: [make[1]: Entering directory '/home/cian/College/Animation/OpenGL_tut/ogl-OpenGL-tutorial_0015_33/tutorial_bin/CMakeFiles/CMakeTmp']
  ignore line: [/usr/bin/cmake -E cmake_progress_report /home/cian/College/Animation/OpenGL_tut/ogl-OpenGL-tutorial_0015_33/tutorial_bin/CMakeFiles/CMakeTmp/CMakeFiles 1]
  ignore line: [Building C object CMakeFiles/cmTryCompileExec2728085784.dir/CMakeCCompilerABI.c.o]
  ignore line: [/usr/bin/cc    -o CMakeFiles/cmTryCompileExec2728085784.dir/CMakeCCompilerABI.c.o   -c /usr/share/cmake-3.2/Modules/CMakeCCompilerABI.c]
  ignore line: [Linking C executable cmTryCompileExec2728085784]
  ignore line: [/usr/bin/cmake -E cmake_link_script CMakeFiles/cmTryCompileExec2728085784.dir/link.txt --verbose=1]
  ignore line: [/usr/bin/cc      -v CMakeFiles/cmTryCompileExec2728085784.dir/CMakeCCompilerABI.c.o  -o cmTryCompileExec2728085784 -rdynamic  ]
  ignore line: [Using built-in specs.]
  ignore line: [COLLECT_GCC=/usr/bin/cc]
  ignore line: [COLLECT_LTO_WRAPPER=/usr/lib/gcc/x86_64-linux-gnu/5/lto-wrapper]
  ignore line: [Target: x86_64-linux-gnu]
  ignore line: [Configured with: ../src/configure -v --with-pkgversion='Ubuntu 5.2.1-22ubuntu2' --with-bugurl=file:///usr/share/doc/gcc-5/README.Bugs --enable-languages=c,ada,c++,java,go,d,fortran,objc,obj-c++ --prefix=/usr --program-suffix=-5 --enable-shared --enable-linker-build-id --libexecdir=/usr/lib --without-included-gettext --enable-threads=posix --libdir=/usr/lib --enable-nls --with-sysroot=/ --enable-clocale=gnu --enable-libstdcxx-debug --enable-libstdcxx-time=yes --with-default-libstdcxx-abi=new --enable-gnu-unique-object --disable-vtable-verify --enable-libmpx --enable-plugin --with-system-zlib --disable-browser-plugin --enable-java-awt=gtk --enable-gtk-cairo --with-java-home=/usr/lib/jvm/java-1.5.0-gcj-5-amd64/jre --enable-java-home --with-jvm-root-dir=/usr/lib/jvm/java-1.5.0-gcj-5-amd64 --with-jvm-jar-dir=/usr/lib/jvm-exports/java-1.5.0-gcj-5-amd64 --with-arch-directory=amd64 --with-ecj-jar=/usr/share/java/eclipse-ecj.jar --enable-objc-gc --enable-multiarch --disable-werror --with-arch-32=i686 --with-abi=m64 --with-multilib-list=m32,m64,mx32 --enable-multilib --with-tune=generic --enable-checking=release --build=x86_64-linux-gnu --host=x86_64-linux-gnu --target=x86_64-linux-gnu]
  ignore line: [Thread model: posix]
  ignore line: [gcc version 5.2.1 20151010 (Ubuntu 5.2.1-22ubuntu2) ]
  ignore line: [COMPILER_PATH=/usr/lib/gcc/x86_64-linux-gnu/5/:/usr/lib/gcc/x86_64-linux-gnu/5/:/usr/lib/gcc/x86_64-linux-gnu/:/usr/lib/gcc/x86_64-linux-gnu/5/:/usr/lib/gcc/x86_64-linux-gnu/]
  ignore line: [LIBRARY_PATH=/usr/lib/gcc/x86_64-linux-gnu/5/:/usr/lib/gcc/x86_64-linux-gnu/5/../../../x86_64-linux-gnu/:/usr/lib/gcc/x86_64-linux-gnu/5/../../../../lib/:/lib/x86_64-linux-gnu/:/lib/../lib/:/usr/lib/x86_64-linux-gnu/:/usr/lib/../lib/:/usr/lib/gcc/x86_64-linux-gnu/5/../../../:/lib/:/usr/lib/]
  ignore line: [COLLECT_GCC_OPTIONS='-v' '-o' 'cmTryCompileExec2728085784' '-rdynamic' '-mtune=generic' '-march=x86-64']
  link line: [ /usr/lib/gcc/x86_64-linux-gnu/5/collect2 -plugin /usr/lib/gcc/x86_64-linux-gnu/5/liblto_plugin.so -plugin-opt=/usr/lib/gcc/x86_64-linux-gnu/5/lto-wrapper -plugin-opt=-fresolution=/tmp/ccQ1BUEf.res -plugin-opt=-pass-through=-lgcc -plugin-opt=-pass-through=-lgcc_s -plugin-opt=-pass-through=-lc -plugin-opt=-pass-through=-lgcc -plugin-opt=-pass-through=-lgcc_s --sysroot=/ --build-id --eh-frame-hdr -m elf_x86_64 --hash-style=gnu --as-needed -export-dynamic -dynamic-linker /lib64/ld-linux-x86-64.so.2 -z relro -o cmTryCompileExec2728085784 /usr/lib/gcc/x86_64-linux-gnu/5/../../../x86_64-linux-gnu/crt1.o /usr/lib/gcc/x86_64-linux-gnu/5/../../../x86_64-linux-gnu/crti.o /usr/lib/gcc/x86_64-linux-gnu/5/crtbegin.o -L/usr/lib/gcc/x86_64-linux-gnu/5 -L/usr/lib/gcc/x86_64-linux-gnu/5/../../../x86_64-linux-gnu -L/usr/lib/gcc/x86_64-linux-gnu/5/../../../../lib -L/lib/x86_64-linux-gnu -L/lib/../lib -L/usr/lib/x86_64-linux-gnu -L/usr/lib/../lib -L/usr/lib/gcc/x86_64-linux-gnu/5/../../.. CMakeFiles/cmTryCompileExec2728085784.dir/CMakeCCompilerABI.c.o -lgcc --as-needed -lgcc_s --no-as-needed -lc -lgcc --as-needed -lgcc_s --no-as-needed /usr/lib/gcc/x86_64-linux-gnu/5/crtend.o /usr/lib/gcc/x86_64-linux-gnu/5/../../../x86_64-linux-gnu/crtn.o]
    arg [/usr/lib/gcc/x86_64-linux-gnu/5/collect2] ==> ignore
    arg [-plugin] ==> ignore
    arg [/usr/lib/gcc/x86_64-linux-gnu/5/liblto_plugin.so] ==> ignore
    arg [-plugin-opt=/usr/lib/gcc/x86_64-linux-gnu/5/lto-wrapper] ==> ignore
    arg [-plugin-opt=-fresolution=/tmp/ccQ1BUEf.res] ==> ignore
    arg [-plugin-opt=-pass-through=-lgcc] ==> ignore
    arg [-plugin-opt=-pass-through=-lgcc_s] ==> ignore
    arg [-plugin-opt=-pass-through=-lc] ==> ignore
    arg [-plugin-opt=-pass-through=-lgcc] ==> ignore
    arg [-plugin-opt=-pass-through=-lgcc_s] ==> ignore
    arg [--sysroot=/] ==> ignore
    arg [--build-id] ==> ignore
    arg [--eh-frame-hdr] ==> ignore
    arg [-m] ==> ignore
    arg [elf_x86_64] ==> ignore
    arg [--hash-style=gnu] ==> ignore
    arg [--as-needed] ==> ignore
    arg [-export-dynamic] ==> ignore
    arg [-dynamic-linker] ==> ignore
    arg [/lib64/ld-linux-x86-64.so.2] ==> ignore
    arg [-zrelro] ==> ignore
    arg [-o] ==> ignore
    arg [cmTryCompileExec2728085784] ==> ignore
    arg [/usr/lib/gcc/x86_64-linux-gnu/5/../../../x86_64-linux-gnu/crt1.o] ==> ignore
    arg [/usr/lib/gcc/x86_64-linux-gnu/5/../../../x86_64-linux-gnu/crti.o] ==> ignore
    arg [/usr/lib/gcc/x86_64-linux-gnu/5/crtbegin.o] ==> ignore
    arg [-L/usr/lib/gcc/x86_64-linux-gnu/5] ==> dir [/usr/lib/gcc/x86_64-linux-gnu/5]
    arg [-L/usr/lib/gcc/x86_64-linux-gnu/5/../../../x86_64-linux-gnu] ==> dir [/usr/lib/gcc/x86_64-linux-gnu/5/../../../x86_64-linux-gnu]
    arg [-L/usr/lib/gcc/x86_64-linux-gnu/5/../../../../lib] ==> dir [/usr/lib/gcc/x86_64-linux-gnu/5/../../../../lib]
    arg [-L/lib/x86_64-linux-gnu] ==> dir [/lib/x86_64-linux-gnu]
    arg [-L/lib/../lib] ==> dir [/lib/../lib]
    arg [-L/usr/lib/x86_64-linux-gnu] ==> dir [/usr/lib/x86_64-linux-gnu]
    arg [-L/usr/lib/../lib] ==> dir [/usr/lib/../lib]
    arg [-L/usr/lib/gcc/x86_64-linux-gnu/5/../../..] ==> dir [/usr/lib/gcc/x86_64-linux-gnu/5/../../..]
    arg [CMakeFiles/cmTryCompileExec2728085784.dir/CMakeCCompilerABI.c.o] ==> ignore
    arg [-lgcc] ==> lib [gcc]
    arg [--as-needed] ==> ignore
    arg [-lgcc_s] ==> lib [gcc_s]
    arg [--no-as-needed] ==> ignore
    arg [-lc] ==> lib [c]
    arg [-lgcc] ==> lib [gcc]
    arg [--as-needed] ==> ignore
    arg [-lgcc_s] ==> lib [gcc_s]
    arg [--no-as-needed] ==> ignore
    arg [/usr/lib/gcc/x86_64-linux-gnu/5/crtend.o] ==> ignore
    arg [/usr/lib/gcc/x86_64-linux-gnu/5/../../../x86_64-linux-gnu/crtn.o] ==> ignore
  remove lib [gcc]
  remove lib [gcc_s]
  remove lib [gcc]
  remove lib [gcc_s]
  collapse library dir [/usr/lib/gcc/x86_64-linux-gnu/5] ==> [/usr/lib/gcc/x86_64-linux-gnu/5]
  collapse library dir [/usr/lib/gcc/x86_64-linux-gnu/5/../../../x86_64-linux-gnu] ==> [/usr/lib/x86_64-linux-gnu]
  collapse library dir [/usr/lib/gcc/x86_64-linux-gnu/5/../../../../lib] ==> [/usr/lib]
  collapse library dir [/lib/x86_64-linux-gnu] ==> [/lib/x86_64-linux-gnu]
  collapse library dir [/lib/../lib] ==> [/lib]
  collapse library dir [/usr/lib/x86_64-linux-gnu] ==> [/usr/lib/x86_64-linux-gnu]
  collapse library dir [/usr/lib/../lib] ==> [/usr/lib]
  collapse library dir [/usr/lib/gcc/x86_64-linux-gnu/5/../../..] ==> [/usr/lib]
  implicit libs: [c]
  implicit dirs: [/usr/lib/gcc/x86_64-linux-gnu/5;/usr/lib/x86_64-linux-gnu;/usr/lib;/lib/x86_64-linux-gnu;/lib]
  implicit fwks: []




Detecting C [-std=c11] compiler features compiled with the following output:
Change Dir: /home/cian/College/Animation/OpenGL_tut/ogl-OpenGL-tutorial_0015_33/tutorial_bin/CMakeFiles/CMakeTmp

Run Build Command:"/usr/bin/make" "cmTryCompileExec1341523514/fast"
/usr/bin/make -f CMakeFiles/cmTryCompileExec1341523514.dir/build.make CMakeFiles/cmTryCompileExec1341523514.dir/build
make[1]: Entering directory '/home/cian/College/Animation/OpenGL_tut/ogl-OpenGL-tutorial_0015_33/tutorial_bin/CMakeFiles/CMakeTmp'
/usr/bin/cmake -E cmake_progress_report /home/cian/College/Animation/OpenGL_tut/ogl-OpenGL-tutorial_0015_33/tutorial_bin/CMakeFiles/CMakeTmp/CMakeFiles 1
Building C object CMakeFiles/cmTryCompileExec1341523514.dir/feature_tests.c.o
/usr/bin/cc   -std=c11 -o CMakeFiles/cmTryCompileExec1341523514.dir/feature_tests.c.o   -c /home/cian/College/Animation/OpenGL_tut/ogl-OpenGL-tutorial_0015_33/tutorial_bin/CMakeFiles/feature_tests.c
Linking C executable cmTryCompileExec1341523514
/usr/bin/cmake -E cmake_link_script CMakeFiles/cmTryCompileExec1341523514.dir/link.txt --verbose=1
/usr/bin/cc       CMakeFiles/cmTryCompileExec1341523514.dir/feature_tests.c.o  -o cmTryCompileExec1341523514 -rdynamic 
make[1]: Leaving directory '/home/cian/College/Animation/OpenGL_tut/ogl-OpenGL-tutorial_0015_33/tutorial_bin/CMakeFiles/CMakeTmp'


    Feature record: C_FEATURE:1c_function_prototypes
    Feature record: C_FEATURE:1c_restrict
    Feature record: C_FEATURE:1c_static_assert
    Feature record: C_FEATURE:1c_variadic_macros


Detecting C [-std=c99] compiler features compiled with the following output:
Change Dir: /home/cian/College/Animation/OpenGL_tut/ogl-OpenGL-tutorial_0015_33/tutorial_bin/CMakeFiles/CMakeTmp

Run Build Command:"/usr/bin/make" "cmTryCompileExec1003981998/fast"
/usr/bin/make -f CMakeFiles/cmTryCompileExec1003981998.dir/build.make CMakeFiles/cmTryCompileExec1003981998.dir/build
make[1]: Entering directory '/home/cian/College/Animation/OpenGL_tut/ogl-OpenGL-tutorial_0015_33/tutorial_bin/CMakeFiles/CMakeTmp'
/usr/bin/cmake -E cmake_progress_report /home/cian/College/Animation/OpenGL_tut/ogl-OpenGL-tutorial_0015_33/tutorial_bin/CMakeFiles/CMakeTmp/CMakeFiles 1
Building C object CMakeFiles/cmTryCompileExec1003981998.dir/feature_tests.c.o
/usr/bin/cc   -std=c99 -o CMakeFiles/cmTryCompileExec1003981998.dir/feature_tests.c.o   -c /home/cian/College/Animation/OpenGL_tut/ogl-OpenGL-tutorial_0015_33/tutorial_bin/CMakeFiles/feature_tests.c
Linking C executable cmTryCompileExec1003981998
/usr/bin/cmake -E cmake_link_script CMakeFiles/cmTryCompileExec1003981998.dir/link.txt --verbose=1
/usr/bin/cc       CMakeFiles/cmTryCompileExec1003981998.dir/feature_tests.c.o  -o cmTryCompileExec1003981998 -rdynamic 
make[1]: Leaving directory '/home/cian/College/Animation/OpenGL_tut/ogl-OpenGL-tutorial_0015_33/tutorial_bin/CMakeFiles/CMakeTmp'


    Feature record: C_FEATURE:1c_function_prototypes
    Feature record: C_FEATURE:1c_restrict
    Feature record: C_FEATURE:0c_static_assert
    Feature record: C_FEATURE:1c_variadic_macros


Detecting C [-std=c90] compiler features compiled with the following output:
Change Dir: /home/cian/College/Animation/OpenGL_tut/ogl-OpenGL-tutorial_0015_33/tutorial_bin/CMakeFiles/CMakeTmp

Run Build Command:"/usr/bin/make" "cmTryCompileExec416754271/fast"
/usr/bin/make -f CMakeFiles/cmTryCompileExec416754271.dir/build.make CMakeFiles/cmTryCompileExec416754271.dir/build
make[1]: Entering directory '/home/cian/College/Animation/OpenGL_tut/ogl-OpenGL-tutorial_0015_33/tutorial_bin/CMakeFiles/CMakeTmp'
/usr/bin/cmake -E cmake_progress_report /home/cian/College/Animation/OpenGL_tut/ogl-OpenGL-tutorial_0015_33/tutorial_bin/CMakeFiles/CMakeTmp/CMakeFiles 1
Building C object CMakeFiles/cmTryCompileExec416754271.dir/feature_tests.c.o
/usr/bin/cc   -std=c90 -o CMakeFiles/cmTryCompileExec416754271.dir/feature_tests.c.o   -c /home/cian/College/Animation/OpenGL_tut/ogl-OpenGL-tutorial_0015_33/tutorial_bin/CMakeFiles/feature_tests.c
Linking C executable cmTryCompileExec416754271
/usr/bin/cmake -E cmake_link_script CMakeFiles/cmTryCompileExec416754271.dir/link.txt --verbose=1
/usr/bin/cc       CMakeFiles/cmTryCompileExec416754271.dir/feature_tests.c.o  -o cmTryCompileExec416754271 -rdynamic 
make[1]: Leaving directory '/home/cian/College/Animation/OpenGL_tut/ogl-OpenGL-tutorial_0015_33/tutorial_bin/CMakeFiles/CMakeTmp'


    Feature record: C_FEATURE:1c_function_prototypes
    Feature record: C_FEATURE:0c_restrict
    Feature record: C_FEATURE:0c_static_assert
    Feature record: C_FEATURE:0c_variadic_macros
Determining if the CXX compiler works passed with the following output:
Change Dir: /home/cian/College/Animation/OpenGL_tut/ogl-OpenGL-tutorial_0015_33/tutorial_bin/CMakeFiles/CMakeTmp

Run Build Command:"/usr/bin/make" "cmTryCompileExec2023946689/fast"
/usr/bin/make -f CMakeFiles/cmTryCompileExec2023946689.dir/build.make CMakeFiles/cmTryCompileExec2023946689.dir/build
make[1]: Entering directory '/home/cian/College/Animation/OpenGL_tut/ogl-OpenGL-tutorial_0015_33/tutorial_bin/CMakeFiles/CMakeTmp'
/usr/bin/cmake -E cmake_progress_report /home/cian/College/Animation/OpenGL_tut/ogl-OpenGL-tutorial_0015_33/tutorial_bin/CMakeFiles/CMakeTmp/CMakeFiles 1
Building CXX object CMakeFiles/cmTryCompileExec2023946689.dir/testCXXCompiler.cxx.o
/usr/bin/c++     -o CMakeFiles/cmTryCompileExec2023946689.dir/testCXXCompiler.cxx.o -c /home/cian/College/Animation/OpenGL_tut/ogl-OpenGL-tutorial_0015_33/tutorial_bin/CMakeFiles/CMakeTmp/testCXXCompiler.cxx
Linking CXX executable cmTryCompileExec2023946689
/usr/bin/cmake -E cmake_link_script CMakeFiles/cmTryCompileExec2023946689.dir/link.txt --verbose=1
/usr/bin/c++        CMakeFiles/cmTryCompileExec2023946689.dir/testCXXCompiler.cxx.o  -o cmTryCompileExec2023946689 -rdynamic 
make[1]: Leaving directory '/home/cian/College/Animation/OpenGL_tut/ogl-OpenGL-tutorial_0015_33/tutorial_bin/CMakeFiles/CMakeTmp'


Detecting CXX compiler ABI info compiled with the following output:
Change Dir: /home/cian/College/Animation/OpenGL_tut/ogl-OpenGL-tutorial_0015_33/tutorial_bin/CMakeFiles/CMakeTmp

Run Build Command:"/usr/bin/make" "cmTryCompileExec318238785/fast"
/usr/bin/make -f CMakeFiles/cmTryCompileExec318238785.dir/build.make CMakeFiles/cmTryCompileExec318238785.dir/build
make[1]: Entering directory '/home/cian/College/Animation/OpenGL_tut/ogl-OpenGL-tutorial_0015_33/tutorial_bin/CMakeFiles/CMakeTmp'
/usr/bin/cmake -E cmake_progress_report /home/cian/College/Animation/OpenGL_tut/ogl-OpenGL-tutorial_0015_33/tutorial_bin/CMakeFiles/CMakeTmp/CMakeFiles 1
Building CXX object CMakeFiles/cmTryCompileExec318238785.dir/CMakeCXXCompilerABI.cpp.o
/usr/bin/c++     -o CMakeFiles/cmTryCompileExec318238785.dir/CMakeCXXCompilerABI.cpp.o -c /usr/share/cmake-3.2/Modules/CMakeCXXCompilerABI.cpp
Linking CXX executable cmTryCompileExec318238785
/usr/bin/cmake -E cmake_link_script CMakeFiles/cmTryCompileExec318238785.dir/link.txt --verbose=1
/usr/bin/c++       -v CMakeFiles/cmTryCompileExec318238785.dir/CMakeCXXCompilerABI.cpp.o  -o cmTryCompileExec318238785 -rdynamic  
Using built-in specs.
COLLECT_GCC=/usr/bin/c++
COLLECT_LTO_WRAPPER=/usr/lib/gcc/x86_64-linux-gnu/5/lto-wrapper
Target: x86_64-linux-gnu
Configured with: ../src/configure -v --with-pkgversion='Ubuntu 5.2.1-22ubuntu2' --with-bugurl=file:///usr/share/doc/gcc-5/README.Bugs --enable-languages=c,ada,c++,java,go,d,fortran,objc,obj-c++ --prefix=/usr --program-suffix=-5 --enable-shared --enable-linker-build-id --libexecdir=/usr/lib --without-included-gettext --enable-threads=posix --libdir=/usr/lib --enable-nls --with-sysroot=/ --enable-clocale=gnu --enable-libstdcxx-debug --enable-libstdcxx-time=yes --with-default-libstdcxx-abi=new --enable-gnu-unique-object --disable-vtable-verify --enable-libmpx --enable-plugin --with-system-zlib --disable-browser-plugin --enable-java-awt=gtk --enable-gtk-cairo --with-java-home=/usr/lib/jvm/java-1.5.0-gcj-5-amd64/jre --enable-java-home --with-jvm-root-dir=/usr/lib/jvm/java-1.5.0-gcj-5-amd64 --with-jvm-jar-dir=/usr/lib/jvm-exports/java-1.5.0-gcj-5-amd64 --with-arch-directory=amd64 --with-ecj-jar=/usr/share/java/eclipse-ecj.jar --enable-objc-gc --enable-multiarch --disable-werror --with-arch-32=i686 --with-abi=m64 --with-multilib-list=m32,m64,mx32 --enable-multilib --with-tune=generic --enable-checking=release --build=x86_64-linux-gnu --host=x86_64-linux-gnu --target=x86_64-linux-gnu
Thread model: posix
gcc version 5.2.1 20151010 (Ubuntu 5.2.1-22ubuntu2) 
COMPILER_PATH=/usr/lib/gcc/x86_64-linux-gnu/5/:/usr/lib/gcc/x86_64-linux-gnu/5/:/usr/lib/gcc/x86_64-linux-gnu/:/usr/lib/gcc/x86_64-linux-gnu/5/:/usr/lib/gcc/x86_64-linux-gnu/
LIBRARY_PATH=/usr/lib/gcc/x86_64-linux-gnu/5/:/usr/lib/gcc/x86_64-linux-gnu/5/../../../x86_64-linux-gnu/:/usr/lib/gcc/x86_64-linux-gnu/5/../../../../lib/:/lib/x86_64-linux-gnu/:/lib/../lib/:/usr/lib/x86_64-linux-gnu/:/usr/lib/../lib/:/usr/lib/gcc/x86_64-linux-gnu/5/../../../:/lib/:/usr/lib/
COLLECT_GCC_OPTIONS='-v' '-o' 'cmTryCompileExec318238785' '-rdynamic' '-shared-libgcc' '-mtune=generic' '-march=x86-64'
 /usr/lib/gcc/x86_64-linux-gnu/5/collect2 -plugin /usr/lib/gcc/x86_64-linux-gnu/5/liblto_plugin.so -plugin-opt=/usr/lib/gcc/x86_64-linux-gnu/5/lto-wrapper -plugin-opt=-fresolution=/tmp/cc61uv2P.res -plugin-opt=-pass-through=-lgcc_s -plugin-opt=-pass-through=-lgcc -plugin-opt=-pass-through=-lc -plugin-opt=-pass-through=-lgcc_s -plugin-opt=-pass-through=-lgcc --sysroot=/ --build-id --eh-frame-hdr -m elf_x86_64 --hash-style=gnu --as-needed -export-dynamic -dynamic-linker /lib64/ld-linux-x86-64.so.2 -z relro -o cmTryCompileExec318238785 /usr/lib/gcc/x86_64-linux-gnu/5/../../../x86_64-linux-gnu/crt1.o /usr/lib/gcc/x86_64-linux-gnu/5/../../../x86_64-linux-gnu/crti.o /usr/lib/gcc/x86_64-linux-gnu/5/crtbegin.o -L/usr/lib/gcc/x86_64-linux-gnu/5 -L/usr/lib/gcc/x86_64-linux-gnu/5/../../../x86_64-linux-gnu -L/usr/lib/gcc/x86_64-linux-gnu/5/../../../../lib -L/lib/x86_64-linux-gnu -L/lib/../lib -L/usr/lib/x86_64-linux-gnu -L/usr/lib/../lib -L/usr/lib/gcc/x86_64-linux-gnu/5/../../.. CMakeFiles/cmTryCompileExec318238785.dir/CMakeCXXCompilerABI.cpp.o -lstdc++ -lm -lgcc_s -lgcc -lc -lgcc_s -lgcc /usr/lib/gcc/x86_64-linux-gnu/5/crtend.o /usr/lib/gcc/x86_64-linux-gnu/5/../../../x86_64-linux-gnu/crtn.o
make[1]: Leaving directory '/home/cian/College/Animation/OpenGL_tut/ogl-OpenGL-tutorial_0015_33/tutorial_bin/CMakeFiles/CMakeTmp'


Parsed CXX implicit link information from above output:
  link line regex: [^( *|.*[/\])(ld|([^/\]+-)?ld|collect2)[^/\]*( |$)]
  ignore line: [Change Dir: /home/cian/College/Animation/OpenGL_tut/ogl-OpenGL-tutorial_0015_33/tutorial_bin/CMakeFiles/CMakeTmp]
  ignore line: []
  ignore line: [Run Build Command:"/usr/bin/make" "cmTryCompileExec318238785/fast"]
  ignore line: [/usr/bin/make -f CMakeFiles/cmTryCompileExec318238785.dir/build.make CMakeFiles/cmTryCompileExec318238785.dir/build]
  ignore line: [make[1]: Entering directory '/home/cian/College/Animation/OpenGL_tut/ogl-OpenGL-tutorial_0015_33/tutorial_bin/CMakeFiles/CMakeTmp']
  ignore line: [/usr/bin/cmake -E cmake_progress_report /home/cian/College/Animation/OpenGL_tut/ogl-OpenGL-tutorial_0015_33/tutorial_bin/CMakeFiles/CMakeTmp/CMakeFiles 1]
  ignore line: [Building CXX object CMakeFiles/cmTryCompileExec318238785.dir/CMakeCXXCompilerABI.cpp.o]
  ignore line: [/usr/bin/c++     -o CMakeFiles/cmTryCompileExec318238785.dir/CMakeCXXCompilerABI.cpp.o -c /usr/share/cmake-3.2/Modules/CMakeCXXCompilerABI.cpp]
  ignore line: [Linking CXX executable cmTryCompileExec318238785]
  ignore line: [/usr/bin/cmake -E cmake_link_script CMakeFiles/cmTryCompileExec318238785.dir/link.txt --verbose=1]
  ignore line: [/usr/bin/c++       -v CMakeFiles/cmTryCompileExec318238785.dir/CMakeCXXCompilerABI.cpp.o  -o cmTryCompileExec318238785 -rdynamic  ]
  ignore line: [Using built-in specs.]
  ignore line: [COLLECT_GCC=/usr/bin/c++]
  ignore line: [COLLECT_LTO_WRAPPER=/usr/lib/gcc/x86_64-linux-gnu/5/lto-wrapper]
  ignore line: [Target: x86_64-linux-gnu]
  ignore line: [Configured with: ../src/configure -v --with-pkgversion='Ubuntu 5.2.1-22ubuntu2' --with-bugurl=file:///usr/share/doc/gcc-5/README.Bugs --enable-languages=c,ada,c++,java,go,d,fortran,objc,obj-c++ --prefix=/usr --program-suffix=-5 --enable-shared --enable-linker-build-id --libexecdir=/usr/lib --without-included-gettext --enable-threads=posix --libdir=/usr/lib --enable-nls --with-sysroot=/ --enable-clocale=gnu --enable-libstdcxx-debug --enable-libstdcxx-time=yes --with-default-libstdcxx-abi=new --enable-gnu-unique-object --disable-vtable-verify --enable-libmpx --enable-plugin --with-system-zlib --disable-browser-plugin --enable-java-awt=gtk --enable-gtk-cairo --with-java-home=/usr/lib/jvm/java-1.5.0-gcj-5-amd64/jre --enable-java-home --with-jvm-root-dir=/usr/lib/jvm/java-1.5.0-gcj-5-amd64 --with-jvm-jar-dir=/usr/lib/jvm-exports/java-1.5.0-gcj-5-amd64 --with-arch-directory=amd64 --with-ecj-jar=/usr/share/java/eclipse-ecj.jar --enable-objc-gc --enable-multiarch --disable-werror --with-arch-32=i686 --with-abi=m64 --with-multilib-list=m32,m64,mx32 --enable-multilib --with-tune=generic --enable-checking=release --build=x86_64-linux-gnu --host=x86_64-linux-gnu --target=x86_64-linux-gnu]
  ignore line: [Thread model: posix]
  ignore line: [gcc version 5.2.1 20151010 (Ubuntu 5.2.1-22ubuntu2) ]
  ignore line: [COMPILER_PATH=/usr/lib/gcc/x86_64-linux-gnu/5/:/usr/lib/gcc/x86_64-linux-gnu/5/:/usr/lib/gcc/x86_64-linux-gnu/:/usr/lib/gcc/x86_64-linux-gnu/5/:/usr/lib/gcc/x86_64-linux-gnu/]
  ignore line: [LIBRARY_PATH=/usr/lib/gcc/x86_64-linux-gnu/5/:/usr/lib/gcc/x86_64-linux-gnu/5/../../../x86_64-linux-gnu/:/usr/lib/gcc/x86_64-linux-gnu/5/../../../../lib/:/lib/x86_64-linux-gnu/:/lib/../lib/:/usr/lib/x86_64-linux-gnu/:/usr/lib/../lib/:/usr/lib/gcc/x86_64-linux-gnu/5/../../../:/lib/:/usr/lib/]
  ignore line: [COLLECT_GCC_OPTIONS='-v' '-o' 'cmTryCompileExec318238785' '-rdynamic' '-shared-libgcc' '-mtune=generic' '-march=x86-64']
  link line: [ /usr/lib/gcc/x86_64-linux-gnu/5/collect2 -plugin /usr/lib/gcc/x86_64-linux-gnu/5/liblto_plugin.so -plugin-opt=/usr/lib/gcc/x86_64-linux-gnu/5/lto-wrapper -plugin-opt=-fresolution=/tmp/cc61uv2P.res -plugin-opt=-pass-through=-lgcc_s -plugin-opt=-pass-through=-lgcc -plugin-opt=-pass-through=-lc -plugin-opt=-pass-through=-lgcc_s -plugin-opt=-pass-through=-lgcc --sysroot=/ --build-id --eh-frame-hdr -m elf_x86_64 --hash-style=gnu --as-needed -export-dynamic -dynamic-linker /lib64/ld-linux-x86-64.so.2 -z relro -o cmTryCompileExec318238785 /usr/lib/gcc/x86_64-linux-gnu/5/../../../x86_64-linux-gnu/crt1.o /usr/lib/gcc/x86_64-linux-gnu/5/../../../x86_64-linux-gnu/crti.o /usr/lib/gcc/x86_64-linux-gnu/5/crtbegin.o -L/usr/lib/gcc/x86_64-linux-gnu/5 -L/usr/lib/gcc/x86_64-linux-gnu/5/../../../x86_64-linux-gnu -L/usr/lib/gcc/x86_64-linux-gnu/5/../../../../lib -L/lib/x86_64-linux-gnu -L/lib/../lib -L/usr/lib/x86_64-linux-gnu -L/usr/lib/../lib -L/usr/lib/gcc/x86_64-linux-gnu/5/../../.. CMakeFiles/cmTryCompileExec318238785.dir/CMakeCXXCompilerABI.cpp.o -lstdc++ -lm -lgcc_s -lgcc -lc -lgcc_s -lgcc /usr/lib/gcc/x86_64-linux-gnu/5/crtend.o /usr/lib/gcc/x86_64-linux-gnu/5/../../../x86_64-linux-gnu/crtn.o]
    arg [/usr/lib/gcc/x86_64-linux-gnu/5/collect2] ==> ignore
    arg [-plugin] ==> ignore
    arg [/usr/lib/gcc/x86_64-linux-gnu/5/liblto_plugin.so] ==> ignore
    arg [-plugin-opt=/usr/lib/gcc/x86_64-linux-gnu/5/lto-wrapper] ==> ignore
    arg [-plugin-opt=-fresolution=/tmp/cc61uv2P.res] ==> ignore
    arg [-plugin-opt=-pass-through=-lgcc_s] ==> ignore
    arg [-plugin-opt=-pass-through=-lgcc] ==> ignore
    arg [-plugin-opt=-pass-through=-lc] ==> ignore
    arg [-plugin-opt=-pass-through=-lgcc_s] ==> ignore
    arg [-plugin-opt=-pass-through=-lgcc] ==> ignore
    arg [--sysroot=/] ==> ignore
    arg [--build-id] ==> ignore
    arg [--eh-frame-hdr] ==> ignore
    arg [-m] ==> ignore
    arg [elf_x86_64] ==> ignore
    arg [--hash-style=gnu] ==> ignore
    arg [--as-needed] ==> ignore
    arg [-export-dynamic] ==> ignore
    arg [-dynamic-linker] ==> ignore
    arg [/lib64/ld-linux-x86-64.so.2] ==> ignore
    arg [-zrelro] ==> ignore
    arg [-o] ==> ignore
    arg [cmTryCompileExec318238785] ==> ignore
    arg [/usr/lib/gcc/x86_64-linux-gnu/5/../../../x86_64-linux-gnu/crt1.o] ==> ignore
    arg [/usr/lib/gcc/x86_64-linux-gnu/5/../../../x86_64-linux-gnu/crti.o] ==> ignore
    arg [/usr/lib/gcc/x86_64-linux-gnu/5/crtbegin.o] ==> ignore
    arg [-L/usr/lib/gcc/x86_64-linux-gnu/5] ==> dir [/usr/lib/gcc/x86_64-linux-gnu/5]
    arg [-L/usr/lib/gcc/x86_64-linux-gnu/5/../../../x86_64-linux-gnu] ==> dir [/usr/lib/gcc/x86_64-linux-gnu/5/../../../x86_64-linux-gnu]
    arg [-L/usr/lib/gcc/x86_64-linux-gnu/5/../../../../lib] ==> dir [/usr/lib/gcc/x86_64-linux-gnu/5/../../../../lib]
    arg [-L/lib/x86_64-linux-gnu] ==> dir [/lib/x86_64-linux-gnu]
    arg [-L/lib/../lib] ==> dir [/lib/../lib]
    arg [-L/usr/lib/x86_64-linux-gnu] ==> dir [/usr/lib/x86_64-linux-gnu]
    arg [-L/usr/lib/../lib] ==> dir [/usr/lib/../lib]
    arg [-L/usr/lib/gcc/x86_64-linux-gnu/5/../../..] ==> dir [/usr/lib/gcc/x86_64-linux-gnu/5/../../..]
    arg [CMakeFiles/cmTryCompileExec318238785.dir/CMakeCXXCompilerABI.cpp.o] ==> ignore
    arg [-lstdc++] ==> lib [stdc++]
    arg [-lm] ==> lib [m]
    arg [-lgcc_s] ==> lib [gcc_s]
    arg [-lgcc] ==> lib [gcc]
    arg [-lc] ==> lib [c]
    arg [-lgcc_s] ==> lib [gcc_s]
    arg [-lgcc] ==> lib [gcc]
    arg [/usr/lib/gcc/x86_64-linux-gnu/5/crtend.o] ==> ignore
    arg [/usr/lib/gcc/x86_64-linux-gnu/5/../../../x86_64-linux-gnu/crtn.o] ==> ignore
  remove lib [gcc_s]
  remove lib [gcc]
  remove lib [gcc_s]
  remove lib [gcc]
  collapse library dir [/usr/lib/gcc/x86_64-linux-gnu/5] ==> [/usr/lib/gcc/x86_64-linux-gnu/5]
  collapse library dir [/usr/lib/gcc/x86_64-linux-gnu/5/../../../x86_64-linux-gnu] ==> [/usr/lib/x86_64-linux-gnu]
  collapse library dir [/usr/lib/gcc/x86_64-linux-gnu/5/../../../../lib] ==> [/usr/lib]
  collapse library dir [/lib/x86_64-linux-gnu] ==> [/lib/x86_64-linux-gnu]
  collapse library dir [/lib/../lib] ==> [/lib]
  collapse library dir [/usr/lib/x86_64-linux-gnu] ==> [/usr/lib/x86_64-linux-gnu]
  collapse library dir [/usr/lib/../lib] ==> [/usr/lib]
  collapse library dir [/usr/lib/gcc/x86_64-linux-gnu/5/../../..] ==> [/usr/lib]
  implicit libs: [stdc++;m;c]
  implicit dirs: [/usr/lib/gcc/x86_64-linux-gnu/5;/usr/lib/x86_64-linux-gnu;/usr/lib;/lib/x86_64-linux-gnu;/lib]
  implicit fwks: []




Detecting CXX [-std=c++14] compiler features compiled with the following output:
Change Dir: /home/cian/College/Animation/OpenGL_tut/ogl-OpenGL-tutorial_0015_33/tutorial_bin/CMakeFiles/CMakeTmp

Run Build Command:"/usr/bin/make" "cmTryCompileExec2625902120/fast"
/usr/bin/make -f CMakeFiles/cmTryCompileExec2625902120.dir/build.make CMakeFiles/cmTryCompileExec2625902120.dir/build
make[1]: Entering directory '/home/cian/College/Animation/OpenGL_tut/ogl-OpenGL-tutorial_0015_33/tutorial_bin/CMakeFiles/CMakeTmp'
/usr/bin/cmake -E cmake_progress_report /home/cian/College/Animation/OpenGL_tut/ogl-OpenGL-tutorial_0015_33/tutorial_bin/CMakeFiles/CMakeTmp/CMakeFiles 1
Building CXX object CMakeFiles/cmTryCompileExec2625902120.dir/feature_tests.cxx.o
/usr/bin/c++    -std=c++14 -o CMakeFiles/cmTryCompileExec2625902120.dir/feature_tests.cxx.o -c /home/cian/College/Animation/OpenGL_tut/ogl-OpenGL-tutorial_0015_33/tutorial_bin/CMakeFiles/feature_tests.cxx
Linking CXX executable cmTryCompileExec2625902120
/usr/bin/cmake -E cmake_link_script CMakeFiles/cmTryCompileExec2625902120.dir/link.txt --verbose=1
/usr/bin/c++        CMakeFiles/cmTryCompileExec2625902120.dir/feature_tests.cxx.o  -o cmTryCompileExec2625902120 -rdynamic 
make[1]: Leaving directory '/home/cian/College/Animation/OpenGL_tut/ogl-OpenGL-tutorial_0015_33/tutorial_bin/CMakeFiles/CMakeTmp'


    Feature record: CXX_FEATURE:1cxx_aggregate_default_initializers
    Feature record: CXX_FEATURE:1cxx_alias_templates
    Feature record: CXX_FEATURE:1cxx_alignas
    Feature record: CXX_FEATURE:1cxx_alignof
    Feature record: CXX_FEATURE:1cxx_attributes
    Feature record: CXX_FEATURE:1cxx_attribute_deprecated
    Feature record: CXX_FEATURE:1cxx_auto_type
    Feature record: CXX_FEATURE:1cxx_binary_literals
    Feature record: CXX_FEATURE:1cxx_constexpr
    Feature record: CXX_FEATURE:1cxx_contextual_conversions
    Feature record: CXX_FEATURE:1cxx_decltype
    Feature record: CXX_FEATURE:1cxx_decltype_auto
    Feature record: CXX_FEATURE:1cxx_decltype_incomplete_return_types
    Feature record: CXX_FEATURE:1cxx_default_function_template_args
    Feature record: CXX_FEATURE:1cxx_defaulted_functions
    Feature record: CXX_FEATURE:1cxx_defaulted_move_initializers
    Feature record: CXX_FEATURE:1cxx_delegating_constructors
    Feature record: CXX_FEATURE:1cxx_deleted_functions
    Feature record: CXX_FEATURE:1cxx_digit_separators
    Feature record: CXX_FEATURE:1cxx_enum_forward_declarations
    Feature record: CXX_FEATURE:1cxx_explicit_conversions
    Feature record: CXX_FEATURE:1cxx_extended_friend_declarations
    Feature record: CXX_FEATURE:1cxx_extern_templates
    Feature record: CXX_FEATURE:1cxx_final
    Feature record: CXX_FEATURE:1cxx_func_identifier
    Feature record: CXX_FEATURE:1cxx_generalized_initializers
    Feature record: CXX_FEATURE:1cxx_generic_lambdas
    Feature record: CXX_FEATURE:1cxx_inheriting_constructors
    Feature record: CXX_FEATURE:1cxx_inline_namespaces
    Feature record: CXX_FEATURE:1cxx_lambdas
    Feature record: CXX_FEATURE:1cxx_lambda_init_captures
    Feature record: CXX_FEATURE:1cxx_local_type_template_args
    Feature record: CXX_FEATURE:1cxx_long_long_type
    Feature record: CXX_FEATURE:1cxx_noexcept
    Feature record: CXX_FEATURE:1cxx_nonstatic_member_init
    Feature record: CXX_FEATURE:1cxx_nullptr
    Feature record: CXX_FEATURE:1cxx_override
    Feature record: CXX_FEATURE:1cxx_range_for
    Feature record: CXX_FEATURE:1cxx_raw_string_literals
    Feature record: CXX_FEATURE:1cxx_reference_qualified_functions
    Feature record: CXX_FEATURE:1cxx_relaxed_constexpr
    Feature record: CXX_FEATURE:1cxx_return_type_deduction
    Feature record: CXX_FEATURE:1cxx_right_angle_brackets
    Feature record: CXX_FEATURE:1cxx_rvalue_references
    Feature record: CXX_FEATURE:1cxx_sizeof_member
    Feature record: CXX_FEATURE:1cxx_static_assert
    Feature record: CXX_FEATURE:1cxx_strong_enums
    Feature record: CXX_FEATURE:1cxx_template_template_parameters
    Feature record: CXX_FEATURE:1cxx_thread_local
    Feature record: CXX_FEATURE:1cxx_trailing_return_types
    Feature record: CXX_FEATURE:1cxx_unicode_literals
    Feature record: CXX_FEATURE:1cxx_uniform_initialization
    Feature record: CXX_FEATURE:1cxx_unrestricted_unions
    Feature record: CXX_FEATURE:1cxx_user_literals
    Feature record: CXX_FEATURE:1cxx_variable_templates
    Feature record: CXX_FEATURE:1cxx_variadic_macros
    Feature record: CXX_FEATURE:1cxx_variadic_templates


Detecting CXX [-std=c++11] compiler features compiled with the following output:
Change Dir: /home/cian/College/Animation/OpenGL_tut/ogl-OpenGL-tutorial_0015_33/tutorial_bin/CMakeFiles/CMakeTmp

Run Build Command:"/usr/bin/make" "cmTryCompileExec842641550/fast"
/usr/bin/make -f CMakeFiles/cmTryCompileExec842641550.dir/build.make CMakeFiles/cmTryCompileExec842641550.dir/build
make[1]: Entering directory '/home/cian/College/Animation/OpenGL_tut/ogl-OpenGL-tutorial_0015_33/tutorial_bin/CMakeFiles/CMakeTmp'
/usr/bin/cmake -E cmake_progress_report /home/cian/College/Animation/OpenGL_tut/ogl-OpenGL-tutorial_0015_33/tutorial_bin/CMakeFiles/CMakeTmp/CMakeFiles 1
Building CXX object CMakeFiles/cmTryCompileExec842641550.dir/feature_tests.cxx.o
/usr/bin/c++    -std=c++11 -o CMakeFiles/cmTryCompileExec842641550.dir/feature_tests.cxx.o -c /home/cian/College/Animation/OpenGL_tut/ogl-OpenGL-tutorial_0015_33/tutorial_bin/CMakeFiles/feature_tests.cxx
Linking CXX executable cmTryCompileExec842641550
/usr/bin/cmake -E cmake_link_script CMakeFiles/cmTryCompileExec842641550.dir/link.txt --verbose=1
/usr/bin/c++        CMakeFiles/cmTryCompileExec842641550.dir/feature_tests.cxx.o  -o cmTryCompileExec842641550 -rdynamic 
make[1]: Leaving directory '/home/cian/College/Animation/OpenGL_tut/ogl-OpenGL-tutorial_0015_33/tutorial_bin/CMakeFiles/CMakeTmp'


    Feature record: CXX_FEATURE:0cxx_aggregate_default_initializers
    Feature record: CXX_FEATURE:1cxx_alias_templates
    Feature record: CXX_FEATURE:1cxx_alignas
    Feature record: CXX_FEATURE:1cxx_alignof
    Feature record: CXX_FEATURE:1cxx_attributes
    Feature record: CXX_FEATURE:0cxx_attribute_deprecated
    Feature record: CXX_FEATURE:1cxx_auto_type
    Feature record: CXX_FEATURE:0cxx_binary_literals
    Feature record: CXX_FEATURE:1cxx_constexpr
    Feature record: CXX_FEATURE:0cxx_contextual_conversions
    Feature record: CXX_FEATURE:1cxx_decltype
    Feature record: CXX_FEATURE:0cxx_decltype_auto
    Feature record: CXX_FEATURE:1cxx_decltype_incomplete_return_types
    Feature record: CXX_FEATURE:1cxx_default_function_template_args
    Feature record: CXX_FEATURE:1cxx_defaulted_functions
    Feature record: CXX_FEATURE:1cxx_defaulted_move_initializers
    Feature record: CXX_FEATURE:1cxx_delegating_constructors
    Feature record: CXX_FEATURE:1cxx_deleted_functions
    Feature record: CXX_FEATURE:0cxx_digit_separators
    Feature record: CXX_FEATURE:1cxx_enum_forward_declarations
    Feature record: CXX_FEATURE:1cxx_explicit_conversions
    Feature record: CXX_FEATURE:1cxx_extended_friend_declarations
    Feature record: CXX_FEATURE:1cxx_extern_templates
    Feature record: CXX_FEATURE:1cxx_final
    Feature record: CXX_FEATURE:1cxx_func_identifier
    Feature record: CXX_FEATURE:1cxx_generalized_initializers
    Feature record: CXX_FEATURE:0cxx_generic_lambdas
    Feature record: CXX_FEATURE:1cxx_inheriting_constructors
    Feature record: CXX_FEATURE:1cxx_inline_namespaces
    Feature record: CXX_FEATURE:1cxx_lambdas
    Feature record: CXX_FEATURE:0cxx_lambda_init_captures
    Feature record: CXX_FEATURE:1cxx_local_type_template_args
    Feature record: CXX_FEATURE:1cxx_long_long_type
    Feature record: CXX_FEATURE:1cxx_noexcept
    Feature record: CXX_FEATURE:1cxx_nonstatic_member_init
    Feature record: CXX_FEATURE:1cxx_nullptr
    Feature record: CXX_FEATURE:1cxx_override
    Feature record: CXX_FEATURE:1cxx_range_for
    Feature record: CXX_FEATURE:1cxx_raw_string_literals
    Feature record: CXX_FEATURE:1cxx_reference_qualified_functions
    Feature record: CXX_FEATURE:0cxx_relaxed_constexpr
    Feature record: CXX_FEATURE:0cxx_return_type_deduction
    Feature record: CXX_FEATURE:1cxx_right_angle_brackets
    Feature record: CXX_FEATURE:1cxx_rvalue_references
    Feature record: CXX_FEATURE:1cxx_sizeof_member
    Feature record: CXX_FEATURE:1cxx_static_assert
    Feature record: CXX_FEATURE:1cxx_strong_enums
    Feature record: CXX_FEATURE:1cxx_template_template_parameters
    Feature record: CXX_FEATURE:1cxx_thread_local
    Feature record: CXX_FEATURE:1cxx_trailing_return_types
    Feature record: CXX_FEATURE:1cxx_unicode_literals
    Feature record: CXX_FEATURE:1cxx_uniform_initialization
    Feature record: CXX_FEATURE:1cxx_unrestricted_unions
    Feature record: CXX_FEATURE:1cxx_user_literals
    Feature record: CXX_FEATURE:0cxx_variable_templates
    Feature record: CXX_FEATURE:1cxx_variadic_macros
    Feature record: CXX_FEATURE:1cxx_variadic_templates


Detecting CXX [-std=c++98] compiler features compiled with the following output:
Change Dir: /home/cian/College/Animation/OpenGL_tut/ogl-OpenGL-tutorial_0015_33/tutorial_bin/CMakeFiles/CMakeTmp

Run Build Command:"/usr/bin/make" "cmTryCompileExec550494970/fast"
/usr/bin/make -f CMakeFiles/cmTryCompileExec550494970.dir/build.make CMakeFiles/cmTryCompileExec550494970.dir/build
make[1]: Entering directory '/home/cian/College/Animation/OpenGL_tut/ogl-OpenGL-tutorial_0015_33/tutorial_bin/CMakeFiles/CMakeTmp'
/usr/bin/cmake -E cmake_progress_report /home/cian/College/Animation/OpenGL_tut/ogl-OpenGL-tutorial_0015_33/tutorial_bin/CMakeFiles/CMakeTmp/CMakeFiles 1
Building CXX object CMakeFiles/cmTryCompileExec550494970.dir/feature_tests.cxx.o
/usr/bin/c++    -std=c++98 -o CMakeFiles/cmTryCompileExec550494970.dir/feature_tests.cxx.o -c /home/cian/College/Animation/OpenGL_tut/ogl-OpenGL-tutorial_0015_33/tutorial_bin/CMakeFiles/feature_tests.cxx
Linking CXX executable cmTryCompileExec550494970
/usr/bin/cmake -E cmake_link_script CMakeFiles/cmTryCompileExec550494970.dir/link.txt --verbose=1
/usr/bin/c++        CMakeFiles/cmTryCompileExec550494970.dir/feature_tests.cxx.o  -o cmTryCompileExec550494970 -rdynamic 
make[1]: Leaving directory '/home/cian/College/Animation/OpenGL_tut/ogl-OpenGL-tutorial_0015_33/tutorial_bin/CMakeFiles/CMakeTmp'


    Feature record: CXX_FEATURE:0cxx_aggregate_default_initializers
    Feature record: CXX_FEATURE:0cxx_alias_templates
    Feature record: CXX_FEATURE:0cxx_alignas
    Feature record: CXX_FEATURE:0cxx_alignof
    Feature record: CXX_FEATURE:0cxx_attributes
    Feature record: CXX_FEATURE:0cxx_attribute_deprecated
    Feature record: CXX_FEATURE:0cxx_auto_type
    Feature record: CXX_FEATURE:0cxx_binary_literals
    Feature record: CXX_FEATURE:0cxx_constexpr
    Feature record: CXX_FEATURE:0cxx_contextual_conversions
    Feature record: CXX_FEATURE:0cxx_decltype
    Feature record: CXX_FEATURE:0cxx_decltype_auto
    Feature record: CXX_FEATURE:0cxx_decltype_incomplete_return_types
    Feature record: CXX_FEATURE:0cxx_default_function_template_args
    Feature record: CXX_FEATURE:0cxx_defaulted_functions
    Feature record: CXX_FEATURE:0cxx_defaulted_move_initializers
    Feature record: CXX_FEATURE:0cxx_delegating_constructors
    Feature record: CXX_FEATURE:0cxx_deleted_functions
    Feature record: CXX_FEATURE:0cxx_digit_separators
    Feature record: CXX_FEATURE:0cxx_enum_forward_declarations
    Feature record: CXX_FEATURE:0cxx_explicit_conversions
    Feature record: CXX_FEATURE:0cxx_extended_friend_declarations
    Feature record: CXX_FEATURE:0cxx_extern_templates
    Feature record: CXX_FEATURE:0cxx_final
    Feature record: CXX_FEATURE:0cxx_func_identifier
    Feature record: CXX_FEATURE:0cxx_generalized_initializers
    Feature record: CXX_FEATURE:0cxx_generic_lambdas
    Feature record: CXX_FEATURE:0cxx_inheriting_constructors
    Feature record: CXX_FEATURE:0cxx_inline_namespaces
    Feature record: CXX_FEATURE:0cxx_lambdas
    Feature record: CXX_FEATURE:0cxx_lambda_init_captures
    Feature record: CXX_FEATURE:0cxx_local_type_template_args
    Feature record: CXX_FEATURE:0cxx_long_long_type
    Feature record: CXX_FEATURE:0cxx_noexcept
    Feature record: CXX_FEATURE:0cxx_nonstatic_member_init
    Feature record: CXX_FEATURE:0cxx_nullptr
    Feature record: CXX_FEATURE:0cxx_override
    Feature record: CXX_FEATURE:0cxx_range_for
    Feature record: CXX_FEATURE:0cxx_raw_string_literals
    Feature record: CXX_FEATURE:0cxx_reference_qualified_functions
    Feature record: CXX_FEATURE:0cxx_relaxed_constexpr
    Feature record: CXX_FEATURE:0cxx_return_type_deduction
    Feature record: CXX_FEATURE:0cxx_right_angle_brackets
    Feature record: CXX_FEATURE:0cxx_rvalue_references
    Feature record: CXX_FEATURE:0cxx_sizeof_member
    Feature record: CXX_FEATURE:0cxx_static_assert
    Feature record: CXX_FEATURE:0cxx_strong_enums
    Feature record: CXX_FEATURE:1cxx_template_template_parameters
    Feature record: CXX_FEATURE:0cxx_thread_local
    Feature record: CXX_FEATURE:0cxx_trailing_return_types
    Feature record: CXX_FEATURE:0cxx_unicode_literals
    Feature record: CXX_FEATURE:0cxx_uniform_initialization
    Feature record: CXX_FEATURE:0cxx_unrestricted_unions
    Feature record: CXX_FEATURE:0cxx_user_literals
    Feature record: CXX_FEATURE:0cxx_variable_templates
    Feature record: CXX_FEATURE:0cxx_variadic_macros
    Feature record: CXX_FEATURE:0cxx_variadic_templates
Determining if files pthread.h exist passed with the following output:
Change Dir: /home/cian/College/Animation/OpenGL_tut/ogl-OpenGL-tutorial_0015_33/tutorial_bin/CMakeFiles/CMakeTmp

Run Build Command:"/usr/bin/make" "cmTryCompileExec2342163710/fast"
/usr/bin/make -f CMakeFiles/cmTryCompileExec2342163710.dir/build.make CMakeFiles/cmTryCompileExec2342163710.dir/build
make[1]: Entering directory '/home/cian/College/Animation/OpenGL_tut/ogl-OpenGL-tutorial_0015_33/tutorial_bin/CMakeFiles/CMakeTmp'
/usr/bin/cmake -E cmake_progress_report /home/cian/College/Animation/OpenGL_tut/ogl-OpenGL-tutorial_0015_33/tutorial_bin/CMakeFiles/CMakeTmp/CMakeFiles 1
Building C object CMakeFiles/cmTryCompileExec2342163710.dir/CheckIncludeFiles.c.o
/usr/bin/cc    -o CMakeFiles/cmTryCompileExec2342163710.dir/CheckIncludeFiles.c.o   -c /home/cian/College/Animation/OpenGL_tut/ogl-OpenGL-tutorial_0015_33/tutorial_bin/CMakeFiles/CMakeTmp/CheckIncludeFiles.c
Linking C executable cmTryCompileExec2342163710
/usr/bin/cmake -E cmake_link_script CMakeFiles/cmTryCompileExec2342163710.dir/link.txt --verbose=1
/usr/bin/cc       CMakeFiles/cmTryCompileExec2342163710.dir/CheckIncludeFiles.c.o  -o cmTryCompileExec2342163710 -rdynamic 
make[1]: Leaving directory '/home/cian/College/Animation/OpenGL_tut/ogl-OpenGL-tutorial_0015_33/tutorial_bin/CMakeFiles/CMakeTmp'


Determining if the function pthread_create exists in the pthread passed with the following output:
Change Dir: /home/cian/College/Animation/OpenGL_tut/ogl-OpenGL-tutorial_0015_33/tutorial_bin/CMakeFiles/CMakeTmp

Run Build Command:"/usr/bin/make" "cmTryCompileExec2798660302/fast"
/usr/bin/make -f CMakeFiles/cmTryCompileExec2798660302.dir/build.make CMakeFiles/cmTryCompileExec2798660302.dir/build
make[1]: Entering directory '/home/cian/College/Animation/OpenGL_tut/ogl-OpenGL-tutorial_0015_33/tutorial_bin/CMakeFiles/CMakeTmp'
/usr/bin/cmake -E cmake_progress_report /home/cian/College/Animation/OpenGL_tut/ogl-OpenGL-tutorial_0015_33/tutorial_bin/CMakeFiles/CMakeTmp/CMakeFiles 1
Building C object CMakeFiles/cmTryCompileExec2798660302.dir/CheckFunctionExists.c.o
/usr/bin/cc   -DCHECK_FUNCTION_EXISTS=pthread_create   -o CMakeFiles/cmTryCompileExec2798660302.dir/CheckFunctionExists.c.o   -c /usr/share/cmake-3.2/Modules/CheckFunctionExists.c
Linking C executable cmTryCompileExec2798660302
/usr/bin/cmake -E cmake_link_script CMakeFiles/cmTryCompileExec2798660302.dir/link.txt --verbose=1
/usr/bin/cc   -DCHECK_FUNCTION_EXISTS=pthread_create    CMakeFiles/cmTryCompileExec2798660302.dir/CheckFunctionExists.c.o  -o cmTryCompileExec2798660302 -rdynamic -lpthread 
make[1]: Leaving directory '/home/cian/College/Animation/OpenGL_tut/ogl-OpenGL-tutorial_0015_33/tutorial_bin/CMakeFiles/CMakeTmp'


Determining if the function XOpenDisplay exists in the /usr/lib/x86_64-linux-gnu/libX11.so;/usr/lib/x86_64-linux-gnu/libXext.so passed with the following output:
Change Dir: /home/cian/College/Animation/OpenGL_tut/ogl-OpenGL-tutorial_0015_33/tutorial_bin/CMakeFiles/CMakeTmp

Run Build Command:"/usr/bin/make" "cmTryCompileExec1924189554/fast"
/usr/bin/make -f CMakeFiles/cmTryCompileExec1924189554.dir/build.make CMakeFiles/cmTryCompileExec1924189554.dir/build
make[1]: Entering directory '/home/cian/College/Animation/OpenGL_tut/ogl-OpenGL-tutorial_0015_33/tutorial_bin/CMakeFiles/CMakeTmp'
/usr/bin/cmake -E cmake_progress_report /home/cian/College/Animation/OpenGL_tut/ogl-OpenGL-tutorial_0015_33/tutorial_bin/CMakeFiles/CMakeTmp/CMakeFiles 1
Building C object CMakeFiles/cmTryCompileExec1924189554.dir/CheckFunctionExists.c.o
/usr/bin/cc   -DCHECK_FUNCTION_EXISTS=XOpenDisplay   -o CMakeFiles/cmTryCompileExec1924189554.dir/CheckFunctionExists.c.o   -c /usr/share/cmake-3.2/Modules/CheckFunctionExists.c
Linking C executable cmTryCompileExec1924189554
/usr/bin/cmake -E cmake_link_script CMakeFiles/cmTryCompileExec1924189554.dir/link.txt --verbose=1
/usr/bin/cc   -DCHECK_FUNCTION_EXISTS=XOpenDisplay    CMakeFiles/cmTryCompileExec1924189554.dir/CheckFunctionExists.c.o  -o cmTryCompileExec1924189554 -rdynamic -lX11 -lXext 
make[1]: Leaving directory '/home/cian/College/Animation/OpenGL_tut/ogl-OpenGL-tutorial_0015_33/tutorial_bin/CMakeFiles/CMakeTmp'


Determining if the function gethostbyname exists passed with the following output:
Change Dir: /home/cian/College/Animation/OpenGL_tut/ogl-OpenGL-tutorial_0015_33/tutorial_bin/CMakeFiles/CMakeTmp

Run Build Command:"/usr/bin/make" "cmTryCompileExec4075678759/fast"
/usr/bin/make -f CMakeFiles/cmTryCompileExec4075678759.dir/build.make CMakeFiles/cmTryCompileExec4075678759.dir/build
make[1]: Entering directory '/home/cian/College/Animation/OpenGL_tut/ogl-OpenGL-tutorial_0015_33/tutorial_bin/CMakeFiles/CMakeTmp'
/usr/bin/cmake -E cmake_progress_report /home/cian/College/Animation/OpenGL_tut/ogl-OpenGL-tutorial_0015_33/tutorial_bin/CMakeFiles/CMakeTmp/CMakeFiles 1
Building C object CMakeFiles/cmTryCompileExec4075678759.dir/CheckFunctionExists.c.o
/usr/bin/cc   -DCHECK_FUNCTION_EXISTS=gethostbyname   -o CMakeFiles/cmTryCompileExec4075678759.dir/CheckFunctionExists.c.o   -c /usr/share/cmake-3.2/Modules/CheckFunctionExists.c
Linking C executable cmTryCompileExec4075678759
/usr/bin/cmake -E cmake_link_script CMakeFiles/cmTryCompileExec4075678759.dir/link.txt --verbose=1
/usr/bin/cc   -DCHECK_FUNCTION_EXISTS=gethostbyname    CMakeFiles/cmTryCompileExec4075678759.dir/CheckFunctionExists.c.o  -o cmTryCompileExec4075678759 -rdynamic 
make[1]: Leaving directory '/home/cian/College/Animation/OpenGL_tut/ogl-OpenGL-tutorial_0015_33/tutorial_bin/CMakeFiles/CMakeTmp'


Determining if the function connect exists passed with the following output:
Change Dir: /home/cian/College/Animation/OpenGL_tut/ogl-OpenGL-tutorial_0015_33/tutorial_bin/CMakeFiles/CMakeTmp

Run Build Command:"/usr/bin/make" "cmTryCompileExec1686260908/fast"
/usr/bin/make -f CMakeFiles/cmTryCompileExec1686260908.dir/build.make CMakeFiles/cmTryCompileExec1686260908.dir/build
make[1]: Entering directory '/home/cian/College/Animation/OpenGL_tut/ogl-OpenGL-tutorial_0015_33/tutorial_bin/CMakeFiles/CMakeTmp'
/usr/bin/cmake -E cmake_progress_report /home/cian/College/Animation/OpenGL_tut/ogl-OpenGL-tutorial_0015_33/tutorial_bin/CMakeFiles/CMakeTmp/CMakeFiles 1
Building C object CMakeFiles/cmTryCompileExec1686260908.dir/CheckFunctionExists.c.o
/usr/bin/cc   -DCHECK_FUNCTION_EXISTS=connect   -o CMakeFiles/cmTryCompileExec1686260908.dir/CheckFunctionExists.c.o   -c /usr/share/cmake-3.2/Modules/CheckFunctionExists.c
Linking C executable cmTryCompileExec1686260908
/usr/bin/cmake -E cmake_link_script CMakeFiles/cmTryCompileExec1686260908.dir/link.txt --verbose=1
/usr/bin/cc   -DCHECK_FUNCTION_EXISTS=connect    CMakeFiles/cmTryCompileExec1686260908.dir/CheckFunctionExists.c.o  -o cmTryCompileExec1686260908 -rdynamic 
make[1]: Leaving directory '/home/cian/College/Animation/OpenGL_tut/ogl-OpenGL-tutorial_0015_33/tutorial_bin/CMakeFiles/CMakeTmp'


Determining if the function remove exists passed with the following output:
Change Dir: /home/cian/College/Animation/OpenGL_tut/ogl-OpenGL-tutorial_0015_33/tutorial_bin/CMakeFiles/CMakeTmp

Run Build Command:"/usr/bin/make" "cmTryCompileExec1109263446/fast"
/usr/bin/make -f CMakeFiles/cmTryCompileExec1109263446.dir/build.make CMakeFiles/cmTryCompileExec1109263446.dir/build
make[1]: Entering directory '/home/cian/College/Animation/OpenGL_tut/ogl-OpenGL-tutorial_0015_33/tutorial_bin/CMakeFiles/CMakeTmp'
/usr/bin/cmake -E cmake_progress_report /home/cian/College/Animation/OpenGL_tut/ogl-OpenGL-tutorial_0015_33/tutorial_bin/CMakeFiles/CMakeTmp/CMakeFiles 1
Building C object CMakeFiles/cmTryCompileExec1109263446.dir/CheckFunctionExists.c.o
/usr/bin/cc   -DCHECK_FUNCTION_EXISTS=remove   -o CMakeFiles/cmTryCompileExec1109263446.dir/CheckFunctionExists.c.o   -c /usr/share/cmake-3.2/Modules/CheckFunctionExists.c
Linking C executable cmTryCompileExec1109263446
/usr/bin/cmake -E cmake_link_script CMakeFiles/cmTryCompileExec1109263446.dir/link.txt --verbose=1
/usr/bin/cc   -DCHECK_FUNCTION_EXISTS=remove    CMakeFiles/cmTryCompileExec1109263446.dir/CheckFunctionExists.c.o  -o cmTryCompileExec1109263446 -rdynamic 
make[1]: Leaving directory '/home/cian/College/Animation/OpenGL_tut/ogl-OpenGL-tutorial_0015_33/tutorial_bin/CMakeFiles/CMakeTmp'


Determining if the function shmat exists passed with the following output:
Change Dir: /home/cian/College/Animation/OpenGL_tut/ogl-OpenGL-tutorial_0015_33/tutorial_bin/CMakeFiles/CMakeTmp

Run Build Command:"/usr/bin/make" "cmTryCompileExec1482367307/fast"
/usr/bin/make -f CMakeFiles/cmTryCompileExec1482367307.dir/build.make CMakeFiles/cmTryCompileExec1482367307.dir/build
make[1]: Entering directory '/home/cian/College/Animation/OpenGL_tut/ogl-OpenGL-tutorial_0015_33/tutorial_bin/CMakeFiles/CMakeTmp'
/usr/bin/cmake -E cmake_progress_report /home/cian/College/Animation/OpenGL_tut/ogl-OpenGL-tutorial_0015_33/tutorial_bin/CMakeFiles/CMakeTmp/CMakeFiles 1
Building C object CMakeFiles/cmTryCompileExec1482367307.dir/CheckFunctionExists.c.o
/usr/bin/cc   -DCHECK_FUNCTION_EXISTS=shmat   -o CMakeFiles/cmTryCompileExec1482367307.dir/CheckFunctionExists.c.o   -c /usr/share/cmake-3.2/Modules/CheckFunctionExists.c
Linking C executable cmTryCompileExec1482367307
/usr/bin/cmake -E cmake_link_script CMakeFiles/cmTryCompileExec1482367307.dir/link.txt --verbose=1
/usr/bin/cc   -DCHECK_FUNCTION_EXISTS=shmat    CMakeFiles/cmTryCompileExec1482367307.dir/CheckFunctionExists.c.o  -o cmTryCompileExec1482367307 -rdynamic 
make[1]: Leaving directory '/home/cian/College/Animation/OpenGL_tut/ogl-OpenGL-tutorial_0015_33/tutorial_bin/CMakeFiles/CMakeTmp'


Determining if the function IceConnectionNumber exists in the ICE passed with the following output:
Change Dir: /home/cian/College/Animation/OpenGL_tut/ogl-OpenGL-tutorial_0015_33/tutorial_bin/CMakeFiles/CMakeTmp

Run Build Command:"/usr/bin/make" "cmTryCompileExec798626427/fast"
/usr/bin/make -f CMakeFiles/cmTryCompileExec798626427.dir/build.make CMakeFiles/cmTryCompileExec798626427.dir/build
make[1]: Entering directory '/home/cian/College/Animation/OpenGL_tut/ogl-OpenGL-tutorial_0015_33/tutorial_bin/CMakeFiles/CMakeTmp'
/usr/bin/cmake -E cmake_progress_report /home/cian/College/Animation/OpenGL_tut/ogl-OpenGL-tutorial_0015_33/tutorial_bin/CMakeFiles/CMakeTmp/CMakeFiles 1
Building C object CMakeFiles/cmTryCompileExec798626427.dir/CheckFunctionExists.c.o
/usr/bin/cc   -DCHECK_FUNCTION_EXISTS=IceConnectionNumber   -o CMakeFiles/cmTryCompileExec798626427.dir/CheckFunctionExists.c.o   -c /usr/share/cmake-3.2/Modules/CheckFunctionExists.c
Linking C executable cmTryCompileExec798626427
/usr/bin/cmake -E cmake_link_script CMakeFiles/cmTryCompileExec798626427.dir/link.txt --verbose=1
/usr/bin/cc   -DCHECK_FUNCTION_EXISTS=IceConnectionNumber    CMakeFiles/cmTryCompileExec798626427.dir/CheckFunctionExists.c.o  -o cmTryCompileExec798626427 -rdynamic -lICE 
make[1]: Leaving directory '/home/cian/College/Animation/OpenGL_tut/ogl-OpenGL-tutorial_0015_33/tutorial_bin/CMakeFiles/CMakeTmp'


Determining if the include file sys/types.h exists passed with the following output:
Change Dir: /home/cian/College/Animation/OpenGL_tut/ogl-OpenGL-tutorial_0015_33/tutorial_bin/CMakeFiles/CMakeTmp

Run Build Command:"/usr/bin/make" "cmTryCompileExec2119848424/fast"
/usr/bin/make -f CMakeFiles/cmTryCompileExec2119848424.dir/build.make CMakeFiles/cmTryCompileExec2119848424.dir/build
make[1]: Entering directory '/home/cian/College/Animation/OpenGL_tut/ogl-OpenGL-tutorial_0015_33/tutorial_bin/CMakeFiles/CMakeTmp'
/usr/bin/cmake -E cmake_progress_report /home/cian/College/Animation/OpenGL_tut/ogl-OpenGL-tutorial_0015_33/tutorial_bin/CMakeFiles/CMakeTmp/CMakeFiles 1
Building C object CMakeFiles/cmTryCompileExec2119848424.dir/CheckIncludeFile.c.o
/usr/bin/cc    -o CMakeFiles/cmTryCompileExec2119848424.dir/CheckIncludeFile.c.o   -c /home/cian/College/Animation/OpenGL_tut/ogl-OpenGL-tutorial_0015_33/tutorial_bin/CMakeFiles/CMakeTmp/CheckIncludeFile.c
Linking C executable cmTryCompileExec2119848424
/usr/bin/cmake -E cmake_link_script CMakeFiles/cmTryCompileExec2119848424.dir/link.txt --verbose=1
/usr/bin/cc       CMakeFiles/cmTryCompileExec2119848424.dir/CheckIncludeFile.c.o  -o cmTryCompileExec2119848424 -rdynamic 
make[1]: Leaving directory '/home/cian/College/Animation/OpenGL_tut/ogl-OpenGL-tutorial_0015_33/tutorial_bin/CMakeFiles/CMakeTmp'


Determining if the include file stdint.h exists passed with the following output:
Change Dir: /home/cian/College/Animation/OpenGL_tut/ogl-OpenGL-tutorial_0015_33/tutorial_bin/CMakeFiles/CMakeTmp

Run Build Command:"/usr/bin/make" "cmTryCompileExec3131370212/fast"
/usr/bin/make -f CMakeFiles/cmTryCompileExec3131370212.dir/build.make CMakeFiles/cmTryCompileExec3131370212.dir/build
make[1]: Entering directory '/home/cian/College/Animation/OpenGL_tut/ogl-OpenGL-tutorial_0015_33/tutorial_bin/CMakeFiles/CMakeTmp'
/usr/bin/cmake -E cmake_progress_report /home/cian/College/Animation/OpenGL_tut/ogl-OpenGL-tutorial_0015_33/tutorial_bin/CMakeFiles/CMakeTmp/CMakeFiles 1
Building C object CMakeFiles/cmTryCompileExec3131370212.dir/CheckIncludeFile.c.o
/usr/bin/cc    -o CMakeFiles/cmTryCompileExec3131370212.dir/CheckIncludeFile.c.o   -c /home/cian/College/Animation/OpenGL_tut/ogl-OpenGL-tutorial_0015_33/tutorial_bin/CMakeFiles/CMakeTmp/CheckIncludeFile.c
Linking C executable cmTryCompileExec3131370212
/usr/bin/cmake -E cmake_link_script CMakeFiles/cmTryCompileExec3131370212.dir/link.txt --verbose=1
/usr/bin/cc       CMakeFiles/cmTryCompileExec3131370212.dir/CheckIncludeFile.c.o  -o cmTryCompileExec3131370212 -rdynamic 
make[1]: Leaving directory '/home/cian/College/Animation/OpenGL_tut/ogl-OpenGL-tutorial_0015_33/tutorial_bin/CMakeFiles/CMakeTmp'


Determining if the include file stddef.h exists passed with the following output:
Change Dir: /home/cian/College/Animation/OpenGL_tut/ogl-OpenGL-tutorial_0015_33/tutorial_bin/CMakeFiles/CMakeTmp

Run Build Command:"/usr/bin/make" "cmTryCompileExec1862229439/fast"
/usr/bin/make -f CMakeFiles/cmTryCompileExec1862229439.dir/build.make CMakeFiles/cmTryCompileExec1862229439.dir/build
make[1]: Entering directory '/home/cian/College/Animation/OpenGL_tut/ogl-OpenGL-tutorial_0015_33/tutorial_bin/CMakeFiles/CMakeTmp'
/usr/bin/cmake -E cmake_progress_report /home/cian/College/Animation/OpenGL_tut/ogl-OpenGL-tutorial_0015_33/tutorial_bin/CMakeFiles/CMakeTmp/CMakeFiles 1
Building C object CMakeFiles/cmTryCompileExec1862229439.dir/CheckIncludeFile.c.o
/usr/bin/cc    -o CMakeFiles/cmTryCompileExec1862229439.dir/CheckIncludeFile.c.o   -c /home/cian/College/Animation/OpenGL_tut/ogl-OpenGL-tutorial_0015_33/tutorial_bin/CMakeFiles/CMakeTmp/CheckIncludeFile.c
Linking C executable cmTryCompileExec1862229439
/usr/bin/cmake -E cmake_link_script CMakeFiles/cmTryCompileExec1862229439.dir/link.txt --verbose=1
/usr/bin/cc       CMakeFiles/cmTryCompileExec1862229439.dir/CheckIncludeFile.c.o  -o cmTryCompileExec1862229439 -rdynamic 
make[1]: Leaving directory '/home/cian/College/Animation/OpenGL_tut/ogl-OpenGL-tutorial_0015_33/tutorial_bin/CMakeFiles/CMakeTmp'


Determining size of off64_t passed with the following output:
Change Dir: /home/cian/College/Animation/OpenGL_tut/ogl-OpenGL-tutorial_0015_33/tutorial_bin/CMakeFiles/CMakeTmp

Run Build Command:"/usr/bin/make" "cmTryCompileExec3980952591/fast"
/usr/bin/make -f CMakeFiles/cmTryCompileExec3980952591.dir/build.make CMakeFiles/cmTryCompileExec3980952591.dir/build
make[1]: Entering directory '/home/cian/College/Animation/OpenGL_tut/ogl-OpenGL-tutorial_0015_33/tutorial_bin/CMakeFiles/CMakeTmp'
/usr/bin/cmake -E cmake_progress_report /home/cian/College/Animation/OpenGL_tut/ogl-OpenGL-tutorial_0015_33/tutorial_bin/CMakeFiles/CMakeTmp/CMakeFiles 1
Building C object CMakeFiles/cmTryCompileExec3980952591.dir/OFF64_T.c.o
/usr/bin/cc  -DHAVE_STDDEF_H -DHAVE_STDINT_H -DHAVE_SYS_TYPES_H -D_LARGEFILE64_SOURCE=1  -o CMakeFiles/cmTryCompileExec3980952591.dir/OFF64_T.c.o   -c /home/cian/College/Animation/OpenGL_tut/ogl-OpenGL-tutorial_0015_33/tutorial_bin/CMakeFiles/CheckTypeSize/OFF64_T.c
Linking C executable cmTryCompileExec3980952591
/usr/bin/cmake -E cmake_link_script CMakeFiles/cmTryCompileExec3980952591.dir/link.txt --verbose=1
/usr/bin/cc       CMakeFiles/cmTryCompileExec3980952591.dir/OFF64_T.c.o  -o cmTryCompileExec3980952591 -rdynamic 
make[1]: Leaving directory '/home/cian/College/Animation/OpenGL_tut/ogl-OpenGL-tutorial_0015_33/tutorial_bin/CMakeFiles/CMakeTmp'


Determining if the function fseeko exists passed with the following output:
Change Dir: /home/cian/College/Animation/OpenGL_tut/ogl-OpenGL-tutorial_0015_33/tutorial_bin/CMakeFiles/CMakeTmp

Run Build Command:"/usr/bin/make" "cmTryCompileExec1404114661/fast"
/usr/bin/make -f CMakeFiles/cmTryCompileExec1404114661.dir/build.make CMakeFiles/cmTryCompileExec1404114661.dir/build
make[1]: Entering directory '/home/cian/College/Animation/OpenGL_tut/ogl-OpenGL-tutorial_0015_33/tutorial_bin/CMakeFiles/CMakeTmp'
/usr/bin/cmake -E cmake_progress_report /home/cian/College/Animation/OpenGL_tut/ogl-OpenGL-tutorial_0015_33/tutorial_bin/CMakeFiles/CMakeTmp/CMakeFiles 1
Building C object CMakeFiles/cmTryCompileExec1404114661.dir/CheckFunctionExists.c.o
/usr/bin/cc   -DCHECK_FUNCTION_EXISTS=fseeko   -o CMakeFiles/cmTryCompileExec1404114661.dir/CheckFunctionExists.c.o   -c /usr/share/cmake-3.2/Modules/CheckFunctionExists.c
Linking C executable cmTryCompileExec1404114661
/usr/bin/cmake -E cmake_link_script CMakeFiles/cmTryCompileExec1404114661.dir/link.txt --verbose=1
/usr/bin/cc   -DCHECK_FUNCTION_EXISTS=fseeko    CMakeFiles/cmTryCompileExec1404114661.dir/CheckFunctionExists.c.o  -o cmTryCompileExec1404114661 -rdynamic 
make[1]: Leaving directory '/home/cian/College/Animation/OpenGL_tut/ogl-OpenGL-tutorial_0015_33/tutorial_bin/CMakeFiles/CMakeTmp'


Determining if the include file unistd.h exists passed with the following output:
Change Dir: /home/cian/College/Animation/OpenGL_tut/ogl-OpenGL-tutorial_0015_33/tutorial_bin/CMakeFiles/CMakeTmp

Run Build Command:"/usr/bin/make" "cmTryCompileExec1582490827/fast"
/usr/bin/make -f CMakeFiles/cmTryCompileExec1582490827.dir/build.make CMakeFiles/cmTryCompileExec1582490827.dir/build
make[1]: Entering directory '/home/cian/College/Animation/OpenGL_tut/ogl-OpenGL-tutorial_0015_33/tutorial_bin/CMakeFiles/CMakeTmp'
/usr/bin/cmake -E cmake_progress_report /home/cian/College/Animation/OpenGL_tut/ogl-OpenGL-tutorial_0015_33/tutorial_bin/CMakeFiles/CMakeTmp/CMakeFiles 1
Building C object CMakeFiles/cmTryCompileExec1582490827.dir/CheckIncludeFile.c.o
/usr/bin/cc    -o CMakeFiles/cmTryCompileExec1582490827.dir/CheckIncludeFile.c.o   -c /home/cian/College/Animation/OpenGL_tut/ogl-OpenGL-tutorial_0015_33/tutorial_bin/CMakeFiles/CMakeTmp/CheckIncludeFile.c
Linking C executable cmTryCompileExec1582490827
/usr/bin/cmake -E cmake_link_script CMakeFiles/cmTryCompileExec1582490827.dir/link.txt --verbose=1
/usr/bin/cc       CMakeFiles/cmTryCompileExec1582490827.dir/CheckIncludeFile.c.o  -o cmTryCompileExec1582490827 -rdynamic 
make[1]: Leaving directory '/home/cian/College/Animation/OpenGL_tut/ogl-OpenGL-tutorial_0015_33/tutorial_bin/CMakeFiles/CMakeTmp'


